<?xml version="1.0" encoding="UTF-8"?>
<testsuite name="com.inventory.system.controller.ReportControllerTest" tests="5" skipped="0" failures="0" errors="0" timestamp="2026-09-07T05:44:40.037Z" hostname="Souviks-MacBook-Air.local" time="0.019">
  <properties/>
  <testcase name="salesReport_returns200_whenDatesValid()" classname="com.inventory.system.controller.ReportControllerTest" time="0.006"/>
  <testcase name="salesReport_returns400_whenDateMissing()" classname="com.inventory.system.controller.ReportControllerTest" time="0.004"/>
  <testcase name="salesReport_returns400_whenDateMalformed()" classname="com.inventory.system.controller.ReportControllerTest" time="0.003"/>
  <testcase name="stockReport_returns200WithItems()" classname="com.inventory.system.controller.ReportControllerTest" time="0.003"/>
  <testcase name="lowStockReport_returns200WithItems()" classname="com.inventory.system.controller.ReportControllerTest" time="0.001"/>
  <system-out><![CDATA[2026-09-07T11:14:39.867+05:30  INFO 84030 --- [    Test worker] t.c.s.AnnotationConfigContextLoaderUtils : Could not detect default configuration classes for test class [com.inventory.system.controller.ReportControllerTest]: ReportControllerTest does not declare any static, non-private, non-final, nested classes annotated with @Configuration.
2026-09-07T11:14:39.874+05:30  INFO 84030 --- [    Test worker] .b.t.c.SpringBootTestContextBootstrapper : Found @SpringBootConfiguration com.inventory.system.InventorySystemApplication for test class com.inventory.system.controller.ReportControllerTest

  .   ____          _            __ _ _
 /\\ / ___'_ __ _ _(_)_ __  __ _ \ \ \ \
( ( )\___ | '_ | '_| | '_ \/ _` | \ \ \ \
 \\/  ___)| |_)| | | | | || (_| |  ) ) ) )
  '  |____| .__|_| |_|_| |_\__, | / / / /
 =========|_|==============|___/=/_/_/_/

 :: Spring Boot ::                (v3.3.4)

2026-09-07T11:14:39.890+05:30  INFO 84030 --- [    Test worker] c.i.s.controller.ReportControllerTest    : Starting ReportControllerTest using Java 17.0.12 with PID 84030 (started by abhikchakraborty in /Users/abhikchakraborty/Desktop/inventory-system)
2026-09-07T11:14:39.890+05:30  INFO 84030 --- [    Test worker] c.i.s.controller.ReportControllerTest    : No active profile set, falling back to 1 default profile: "default"
2026-09-07T11:14:40.033+05:30  INFO 84030 --- [    Test worker] o.s.b.t.m.w.SpringBootMockServletContext : Initializing Spring TestDispatcherServlet ''
2026-09-07T11:14:40.033+05:30  INFO 84030 --- [    Test worker] o.s.t.web.servlet.TestDispatcherServlet  : Initializing Servlet ''
2026-09-07T11:14:40.033+05:30  INFO 84030 --- [    Test worker] o.s.t.web.servlet.TestDispatcherServlet  : Completed initialization in 0 ms
2026-09-07T11:14:40.037+05:30  INFO 84030 --- [    Test worker] c.i.s.controller.ReportControllerTest    : Started ReportControllerTest in 0.161 seconds (process running for 5.882)
]]></system-out>
  <system-err><![CDATA[]]></system-err>
</testsuite>
