<?xml version="1.0" encoding="UTF-8"?>
<testsuite name="com.inventory.system.service.impl.ProductServiceImplTest" tests="2" skipped="0" failures="0" errors="0" timestamp="2026-09-02T17:06:44.513Z" hostname="Souviks-MacBook-Air.local" time="0.707">
  <properties/>
  <testcase name="createProduct_savesProductAndInventory_whenSkuIsUnique()" classname="com.inventory.system.service.impl.ProductServiceImplTest" time="0.703"/>
  <testcase name="createProduct_throwsDuplicateSkuException_whenSkuAlreadyExists()" classname="com.inventory.system.service.impl.ProductServiceImplTest" time="0.004"/>
  <system-out><![CDATA[]]></system-out>
  <system-err><![CDATA[]]></system-err>
</testsuite>
