<?xml version="1.0" encoding="UTF-8"?>
<testsuite name="com.inventory.system.service.impl.SaleServiceImplTest" tests="2" skipped="0" failures="0" errors="0" timestamp="2026-09-01T18:21:36.088Z" hostname="Souviks-MacBook-Air.local" time="0.067">
  <properties/>
  <testcase name="createSale_reducesStockAndComputesTotal_whenStockIsSufficient()" classname="com.inventory.system.service.impl.SaleServiceImplTest" time="0.061"/>
  <testcase name="createSale_throwsInsufficientStockException_whenNotEnoughStock()" classname="com.inventory.system.service.impl.SaleServiceImplTest" time="0.006"/>
  <system-out><![CDATA[]]></system-out>
  <system-err><![CDATA[]]></system-err>
</testsuite>
