<?xml version="1.0" encoding="UTF-8"?>
<testsuite name="com.inventory.system.controller.ProductControllerTest" tests="13" skipped="0" failures="0" errors="0" timestamp="2026-09-07T05:44:39.662Z" hostname="Souviks-MacBook-Air.local" time="0.067">
  <properties/>
  <testcase name="create_returns409_whenSkuDuplicate()" classname="com.inventory.system.controller.ProductControllerTest" time="0.017"/>
  <testcase name="search_returns400_whenTermBlank()" classname="com.inventory.system.controller.ProductControllerTest" time="0.003"/>
  <testcase name="update_returns409_whenOptimisticLockingFails()" classname="com.inventory.system.controller.ProductControllerTest" time="0.007"/>
  <testcase name="create_returns400_whenUnitPriceNegative()" classname="com.inventory.system.controller.ProductControllerTest" time="0.004"/>
  <testcase name="search_returns200_whenTermProvided()" classname="com.inventory.system.controller.ProductControllerTest" time="0.006"/>
  <testcase name="update_returns200AndDelegates()" classname="com.inventory.system.controller.ProductControllerTest" time="0.007"/>
  <testcase name="update_returns400_whenUnitPriceNegative()" classname="com.inventory.system.controller.ProductControllerTest" time="0.003"/>
  <testcase name="deactivate_returns204()" classname="com.inventory.system.controller.ProductControllerTest" time="0.002"/>
  <testcase name="getById_returns200_whenFound()" classname="com.inventory.system.controller.ProductControllerTest" time="0.002"/>
  <testcase name="create_returns400_whenSkuBlank()" classname="com.inventory.system.controller.ProductControllerTest" time="0.002"/>
  <testcase name="create_returns201WithBody_whenRequestValid()" classname="com.inventory.system.controller.ProductControllerTest" time="0.003"/>
  <testcase name="getAll_returnsList()" classname="com.inventory.system.controller.ProductControllerTest" time="0.002"/>
  <testcase name="getById_returns404_whenMissing()" classname="com.inventory.system.controller.ProductControllerTest" time="0.003"/>
  <system-out><![CDATA[2026-09-07T11:14:39.450+05:30  INFO 84030 --- [    Test worker] t.c.s.AnnotationConfigContextLoaderUtils : Could not detect default configuration classes for test class [com.inventory.system.controller.ProductControllerTest]: ProductControllerTest does not declare any static, non-private, non-final, nested classes annotated with @Configuration.
2026-09-07T11:14:39.456+05:30  INFO 84030 --- [    Test worker] .b.t.c.SpringBootTestContextBootstrapper : Found @SpringBootConfiguration com.inventory.system.InventorySystemApplication for test class com.inventory.system.controller.ProductControllerTest

  .   ____          _            __ _ _
 /\\ / ___'_ __ _ _(_)_ __  __ _ \ \ \ \
( ( )\___ | '_ | '_| | '_ \/ _` | \ \ \ \
 \\/  ___)| |_)| | | | | || (_| |  ) ) ) )
  '  |____| .__|_| |_|_| |_\__, | / / / /
 =========|_|==============|___/=/_/_/_/

 :: Spring Boot ::                (v3.3.4)

2026-09-07T11:14:39.478+05:30  INFO 84030 --- [    Test worker] c.i.s.controller.ProductControllerTest   : Starting ProductControllerTest using Java 17.0.12 with PID 84030 (started by abhikchakraborty in /Users/abhikchakraborty/Desktop/inventory-system)
2026-09-07T11:14:39.478+05:30  INFO 84030 --- [    Test worker] c.i.s.controller.ProductControllerTest   : No active profile set, falling back to 1 default profile: "default"
2026-09-07T11:14:39.657+05:30  INFO 84030 --- [    Test worker] o.s.b.t.m.w.SpringBootMockServletContext : Initializing Spring TestDispatcherServlet ''
2026-09-07T11:14:39.657+05:30  INFO 84030 --- [    Test worker] o.s.t.web.servlet.TestDispatcherServlet  : Initializing Servlet ''
2026-09-07T11:14:39.658+05:30  INFO 84030 --- [    Test worker] o.s.t.web.servlet.TestDispatcherServlet  : Completed initialization in 1 ms
2026-09-07T11:14:39.661+05:30  INFO 84030 --- [    Test worker] c.i.s.controller.ProductControllerTest   : Started ProductControllerTest in 0.203 seconds (process running for 5.507)
]]></system-out>
  <system-err><![CDATA[]]></system-err>
</testsuite>
