<?xml version="1.0" encoding="UTF-8"?>
<testsuite name="com.inventory.system.controller.ProductControllerIntegrationTest" tests="9" skipped="0" failures="0" errors="0" timestamp="2026-09-07T05:44:39.295Z" hostname="Souviks-MacBook-Air.local" time="0.152">
  <properties/>
  <testcase name="search_returns400_whenTermBlank()" classname="com.inventory.system.controller.ProductControllerIntegrationTest" time="0.017"/>
  <testcase name="create_persistsProductAndInventory()" classname="com.inventory.system.controller.ProductControllerIntegrationTest" time="0.024"/>
  <testcase name="deactivate_softDeletesProduct()" classname="com.inventory.system.controller.ProductControllerIntegrationTest" time="0.014"/>
  <testcase name="getById_returnsSeededProduct()" classname="com.inventory.system.controller.ProductControllerIntegrationTest" time="0.015"/>
  <testcase name="search_findsActiveByPartialName()" classname="com.inventory.system.controller.ProductControllerIntegrationTest" time="0.025"/>
  <testcase name="create_returns409_whenSkuAlreadyExists()" classname="com.inventory.system.controller.ProductControllerIntegrationTest" time="0.012"/>
  <testcase name="getById_returns404_whenUnknown()" classname="com.inventory.system.controller.ProductControllerIntegrationTest" time="0.007"/>
  <testcase name="getAll_returnsOnlyActiveProducts()" classname="com.inventory.system.controller.ProductControllerIntegrationTest" time="0.012"/>
  <testcase name="update_appliesPartialChanges()" classname="com.inventory.system.controller.ProductControllerIntegrationTest" time="0.021"/>
  <system-out><![CDATA[2026-09-07T11:14:39.291+05:30  INFO 84030 --- [    Test worker] t.c.s.AnnotationConfigContextLoaderUtils : Could not detect default configuration classes for test class [com.inventory.system.controller.ProductControllerIntegrationTest]: ProductControllerIntegrationTest does not declare any static, non-private, non-final, nested classes annotated with @Configuration.
2026-09-07T11:14:39.293+05:30  INFO 84030 --- [    Test worker] .b.t.c.SpringBootTestContextBootstrapper : Found @SpringBootConfiguration com.inventory.system.InventorySystemApplication for test class com.inventory.system.controller.ProductControllerIntegrationTest
]]></system-out>
  <system-err><![CDATA[]]></system-err>
</testsuite>
