<?xml version="1.0" encoding="UTF-8"?>
<testsuite name="com.inventory.system.service.impl.ProductServiceImplTest" tests="2" skipped="0" failures="0" errors="0" timestamp="2026-09-01T18:21:35.207Z" hostname="Souviks-MacBook-Air.local" time="0.877">
  <properties/>
  <testcase name="createProduct_savesProductAndInventory_whenSkuIsUnique()" classname="com.inventory.system.service.impl.ProductServiceImplTest" time="0.872"/>
  <testcase name="createProduct_throwsDuplicateSkuException_whenSkuAlreadyExists()" classname="com.inventory.system.service.impl.ProductServiceImplTest" time="0.005"/>
  <system-out><![CDATA[]]></system-out>
  <system-err><![CDATA[]]></system-err>
</testsuite>
