<?xml version="1.0" encoding="UTF-8"?>
<testsuite name="com.inventory.system.controller.SaleControllerTest" tests="11" skipped="0" failures="0" errors="0" timestamp="2026-09-07T05:44:40.385Z" hostname="Souviks-MacBook-Air.local" time="0.052">
  <properties/>
  <testcase name="create_returns422_whenInsufficientStock()" classname="com.inventory.system.controller.SaleControllerTest" time="0.019"/>
  <testcase name="create_returns422_whenInactiveProduct()" classname="com.inventory.system.controller.SaleControllerTest" time="0.003"/>
  <testcase name="create_returns201_whenValid()" classname="com.inventory.system.controller.SaleControllerTest" time="0.005"/>
  <testcase name="create_returns400_whenDiscountNegative()" classname="com.inventory.system.controller.SaleControllerTest" time="0.004"/>
  <testcase name="create_returns400_whenItemQuantityNotPositive()" classname="com.inventory.system.controller.SaleControllerTest" time="0.003"/>
  <testcase name="getById_returns200_whenFound()" classname="com.inventory.system.controller.SaleControllerTest" time="0.002"/>
  <testcase name="create_returns404_whenProductMissing()" classname="com.inventory.system.controller.SaleControllerTest" time="0.002"/>
  <testcase name="getAll_returnsList()" classname="com.inventory.system.controller.SaleControllerTest" time="0.003"/>
  <testcase name="create_returns400_whenNoItems()" classname="com.inventory.system.controller.SaleControllerTest" time="0.002"/>
  <testcase name="create_returns400_whenDuplicateItems()" classname="com.inventory.system.controller.SaleControllerTest" time="0.002"/>
  <testcase name="getById_returns404_whenMissing()" classname="com.inventory.system.controller.SaleControllerTest" time="0.002"/>
  <system-out><![CDATA[2026-09-07T11:14:40.239+05:30  INFO 84030 --- [    Test worker] t.c.s.AnnotationConfigContextLoaderUtils : Could not detect default configuration classes for test class [com.inventory.system.controller.SaleControllerTest]: SaleControllerTest does not declare any static, non-private, non-final, nested classes annotated with @Configuration.
2026-09-07T11:14:40.244+05:30  INFO 84030 --- [    Test worker] .b.t.c.SpringBootTestContextBootstrapper : Found @SpringBootConfiguration com.inventory.system.InventorySystemApplication for test class com.inventory.system.controller.SaleControllerTest

  .   ____          _            __ _ _
 /\\ / ___'_ __ _ _(_)_ __  __ _ \ \ \ \
( ( )\___ | '_ | '_| | '_ \/ _` | \ \ \ \
 \\/  ___)| |_)| | | | | || (_| |  ) ) ) )
  '  |____| .__|_| |_|_| |_\__, | / / / /
 =========|_|==============|___/=/_/_/_/

 :: Spring Boot ::                (v3.3.4)

2026-09-07T11:14:40.260+05:30  INFO 84030 --- [    Test worker] c.i.s.controller.SaleControllerTest      : Starting SaleControllerTest using Java 17.0.12 with PID 84030 (started by abhikchakraborty in /Users/abhikchakraborty/Desktop/inventory-system)
2026-09-07T11:14:40.260+05:30  INFO 84030 --- [    Test worker] c.i.s.controller.SaleControllerTest      : No active profile set, falling back to 1 default profile: "default"
2026-09-07T11:14:40.381+05:30  INFO 84030 --- [    Test worker] o.s.b.t.m.w.SpringBootMockServletContext : Initializing Spring TestDispatcherServlet ''
2026-09-07T11:14:40.381+05:30  INFO 84030 --- [    Test worker] o.s.t.web.servlet.TestDispatcherServlet  : Initializing Servlet ''
2026-09-07T11:14:40.382+05:30  INFO 84030 --- [    Test worker] o.s.t.web.servlet.TestDispatcherServlet  : Completed initialization in 1 ms
2026-09-07T11:14:40.385+05:30  INFO 84030 --- [    Test worker] c.i.s.controller.SaleControllerTest      : Started SaleControllerTest in 0.14 seconds (process running for 6.23)
]]></system-out>
  <system-err><![CDATA[]]></system-err>
</testsuite>
